"../../../../../../Developer/unreal_class/ToonTanks/Content/Blueprints/General/BP_CameraShakeHit.uasset" 0
"../../../../../../Developer/unreal_class/ToonTanks/Content/Assets/Audio/Thud_Audio.uasset" 1
"../../../../../../Developer/unreal_class/ToonTanks/Content/Assets/Materials/M_ParticleBase.uasset" 2
"../../../../../../Developer/unreal_class/ToonTanks/Content/Assets/Materials/M_Particle_Inst.uasset" 3
"../../../../../../Developer/unreal_class/ToonTanks/Content/Assets/Meshes/SM_Sphere.uasset" 4
"../../../../../../Developer/unreal_class/ToonTanks/Content/Assets/Effects/P_HitEffect.uasset" 5
"../../../../../../Developer/unreal_class/ToonTanks/Content/Assets/Effects/P_ProjectileTrail.uasset" 6
"../../../../../../Developer/unreal_class/ToonTanks/Content/Assets/Materials/M_EmissiveBase.uasset" 7
"../../../../../../Developer/unreal_class/ToonTanks/Content/Assets/Materials/M_EmissiveRed_Inst.uasset" 8
"../../../../../../Developer/unreal_class/ToonTanks/Content/Assets/Textures/T_ColourGrid.uasset" 9
"../../../../../../Developer/unreal_class/ToonTanks/Content/Assets/Materials/M_TextureBase.uasset" 10
"../../../../../../Developer/unreal_class/ToonTanks/Content/Assets/Materials/M_Texture_Inst.uasset" 11
"../../../../../../Developer/unreal_class/ToonTanks/Content/Assets/Meshes/SM_Projectile.uasset" 12
"../../../../../../Developer/unreal_class/ToonTanks/Content/Blueprints/Actors/BP_ProjectileBase.uasset" 13
"../../../../../../Developer/unreal_class/ToonTanks/Content/Blueprints/General/BP_CameraShakeExplode.uasset" 14
"../../../../../../Developer/unreal_class/ToonTanks/Content/Assets/Audio/Explode_Audio.uasset" 15
"../../../../../../Developer/unreal_class/ToonTanks/Content/Assets/Effects/P_DeathEffect.uasset" 16
"../../../../../../Developer/unreal_class/ToonTanks/Content/Assets/Materials/M_EmissiveGreen_Inst.uasset" 17
"../../../../../../Developer/unreal_class/ToonTanks/Content/Assets/Meshes/SM_TankBase.uasset" 18
"../../../../../../Developer/unreal_class/ToonTanks/Content/Assets/Meshes/SM_TankTurret.uasset" 19
"../../../../../../Developer/unreal_class/ToonTanks/Content/Blueprints/Pawns/BP_PawnTank.uasset" 20
"../../../../../../Developer/unreal_class/ToonTanks/Content/Blueprints/PlayerControllers/BP_PlayerController.uasset" 21
"../../../../../../Developer/unreal_class/ToonTanks/Content/Blueprints/Widgets/WBP_GameEnd.uasset" 22
"../../../Engine/Content/EditorBlueprintResources/StandardMacros.uasset" 23
"../../../../../../Developer/unreal_class/ToonTanks/Content/Blueprints/Widgets/WBP_GameStart.uasset" 24
"../../../../../../Developer/unreal_class/ToonTanks/Content/Blueprints/GameModes/BP_GameModeBase.uasset" 25
"../../../../../../Developer/unreal_class/ToonTanks/Content/Assets/Textures/T_Beam01.uasset" 26
"../../../../../../Developer/unreal_class/ToonTanks/Content/Assets/Materials/ParticleOriginals/M_ParticleAdd.uasset" 27
"../../../../../../Developer/unreal_class/ToonTanks/Content/Assets/Materials/MI_Beam01_Add_Inst.uasset" 28
"../../Plugins/FX/Niagara/Content/DynamicInputs/TypeConversions/Vector2DFromFloat.uasset" 29
"../../Plugins/FX/Niagara/Content/DynamicInputs/ValueFromCurve/FloatFromCurve.uasset" 30
"../../Plugins/FX/Niagara/Content/Functions/Emitter/EmitterChangeState.uasset" 31
"../../Plugins/FX/Niagara/Content/Enums/ENiagara_EmitterStateOptions.uasset" 32
"../../Plugins/FX/Niagara/Content/Enums/ENiagara_InfiniteLoopDuration.uasset" 33
"../../Plugins/FX/Niagara/Content/Enums/ENiagaraEmitterLifeCycleMode.uasset" 34
"../../Plugins/FX/Niagara/Content/Enums/ENiagaraEmitterScalabilityMode_Limited.uasset" 35
"../../Plugins/FX/Niagara/Content/Enums/ENiagaraExecutionStateManagement.uasset" 36
"../../Plugins/FX/Niagara/Content/Enums/ENiagaraInactiveMode.uasset" 37
"../../Plugins/FX/Niagara/Content/Modules/Emitter/EmitterState.uasset" 38
"../../Plugins/FX/Niagara/Content/Enums/ENiagaraRandomnessMode.uasset" 39
"../../Plugins/FX/Niagara/Content/Functions/GetRandomInfo.uasset" 40
"../../Plugins/FX/Niagara/Content/Functions/RandomRangeFloat.uasset" 41
"../../Plugins/FX/Niagara/Content/Modules/Emitter/SpawnBurst_Instantaneous.uasset" 42
"../../Plugins/FX/Niagara/Content/Functions/DirectionAndLengthSafe.uasset" 43
"../../Plugins/FX/Niagara/Content/Functions/Localspace/SimulationPosition.uasset" 44
"../../Plugins/FX/Niagara/Content/Modules/Solvers/SolveForcesAndVelocity.uasset" 45
"../../Plugins/FX/Niagara/Content/Modules/Spawn/Initialization/InitializeParticle.uasset" 46
"../../Plugins/FX/Niagara/Content/Enums/ENiagaraScaleColorMode.uasset" 47
"../../Plugins/FX/Niagara/Content/Modules/Update/Color/ScaleColor.uasset" 48
"../../Plugins/FX/Niagara/Content/Modules/Update/Lifetime/ParticleState.uasset" 49
"../../Plugins/FX/Niagara/Content/Modules/Update/Size/ScaleSpriteSize.uasset" 50
"../../../../../../Developer/unreal_class/ToonTanks/Content/NiagraEmiiters/NE_BeamFlash.uasset" 51
"../../Plugins/FX/Niagara/Content/DynamicInputs/UniformRange/UniformRangedFloat.uasset" 52
"../../Plugins/FX/Niagara/Content/Functions/RandomRangeInteger.uasset" 53
"../../Plugins/FX/Niagara/Content/DynamicInputs/UniformRange/UniformRangedInt.uasset" 54
"../../Plugins/FX/Niagara/Content/DynamicInputs/UniformRange/UniformRangedVector.uasset" 55
"../../Plugins/FX/Niagara/Content/Enums/ENiagaraCoordinateSpace.uasset" 56
"../../Plugins/FX/Niagara/Content/Functions/Localspace/TransformBase.uasset" 57
"../../Plugins/FX/Niagara/Content/Functions/Localspace/TransformVector.uasset" 58
"../../Plugins/FX/Niagara/Content/Functions/Math/RemapValueRange.uasset" 59
"../../Plugins/FX/Niagara/Content/Functions/PolarToCartesianCoordinates.uasset" 60
"../../Plugins/FX/Niagara/Content/Functions/RandomVectorInCone.uasset" 61
"../../Plugins/FX/Niagara/Content/Functions/Rotation/FindQuatBetween.uasset" 62
"../../Plugins/FX/Niagara/Content/Functions/Rotation/MultiplyVectorWithQuaternion.uasset" 63
"../../Plugins/FX/Niagara/Content/Modules/Spawn/Velocity/AddVelocityInCone.uasset" 64
"../../Plugins/FX/Niagara/Content/Modules/Update/Forces/GravityForce.uasset" 65
"../../Plugins/FX/Niagara/Content/Modules/Update/Size/ScaleSpriteSizeBySpeed.uasset" 66
"../../../../../../Developer/unreal_class/ToonTanks/Content/NiagraEmiiters/NE_Sparks.uasset" 67
"../../Plugins/FX/Niagara/Content/Functions/System/SystemChangeState.uasset" 68
"../../Plugins/FX/Niagara/Content/Enums/ENiagaraSystemInactiveMode.uasset" 69
"../../Plugins/FX/Niagara/Content/Modules/System/SystemState.uasset" 70
"../../../../../../Developer/unreal_class/ToonTanks/Content/NiagraSystems/NS_SparksHit.uasset" 71
"../../../Engine/Content/Animation/DefaultAnimCurveCompressionSettings.uasset" 72
"../../../Engine/Content/Functions/Engine_MaterialFunctions01/Opacity/CameraDepthFade.uasset" 73
"../../../Engine/Content/EngineMaterials/T_Default_Material_Grid_M.uasset" 74
"../../../Engine/Content/EngineMaterials/T_Default_Material_Grid_N.uasset" 75
"../../../Engine/Content/EngineMaterials/WorldGridMaterial.uasset" 76
"../../../Engine/Content/ArtTools/RenderToTexture/Meshes/S_1_Unit_Plane.uasset" 77
"../../../Engine/Content/EngineMaterials/DefaultMaterial.uasset" 78
"../../../Engine/Content/BasicShapes/Cone.uasset" 79
"../../../Engine/Content/BasicShapes/Cylinder.uasset" 80
"../../../Engine/Content/BasicShapes/Plane.uasset" 81
"../../../Engine/Content/BasicShapes/Sphere.uasset" 82
"../../../Engine/Content/EditorLandscapeResources/DataLayer.uasset" 83
"../../../Engine/Content/EditorMaterials/MAT_Groups_Toggle.uasset" 84
"../../../Engine/Content/EditorMaterials/MAT_Groups_Visibility.uasset" 85
"../../../Engine/Content/EditorMaterials/PreviewShadowIndicator.uasset" 86
"../../../Engine/Content/EditorMaterials/PreviewShadowIndicatorMaterial.uasset" 87
"../../../Engine/Content/EditorMaterials/MatineeGroups/MAT_ColorTrack.uasset" 88
"../../../Engine/Content/EditorMaterials/MatineeGroups/MAT_Groups_Anim.uasset" 89
"../../../Engine/Content/EditorMaterials/MatineeGroups/MAT_Groups_AudioMaster.uasset" 90
"../../../Engine/Content/EditorMaterials/MatineeGroups/MAT_Groups_Director.uasset" 91
"../../../Engine/Content/EditorMaterials/MatineeGroups/MAT_Groups_Event.uasset" 92
"../../../Engine/Content/EditorMaterials/MatineeGroups/MAT_Groups_Fade.uasset" 93
"../../../Engine/Content/EditorMaterials/MatineeGroups/MAT_Groups_Float.uasset" 94
"../../../Engine/Content/EditorMaterials/MatineeGroups/MAT_Groups_Move.uasset" 95
"../../../Engine/Content/EditorMaterials/MatineeGroups/MAT_Groups_Slomo.uasset" 96
"../../../Engine/Content/EditorMaterials/MatineeGroups/MAT_Groups_Sound.uasset" 97
"../../../Engine/Content/EditorMaterials/MatineeGroups/MAT_Groups_Vector.uasset" 98
"../../../Engine/Content/EditorMaterials/ParticleSystems/PSysThumbnail_NoImage.uasset" 99
"../../../Engine/Content/EditorMaterials/ParticleSystems/PSysThumbnail_OOD.uasset" 100
"../../../Engine/Content/EditorMaterials/Camera/CineMat.uasset" 101
"../../../Engine/Content/EditorMaterials/Camera/MI_CineMat_Rig.uasset" 102
"../../../Engine/Content/EditorMeshes/Camera/SM_CraneRig_Arm.uasset" 103
"../../../Engine/Content/EditorMeshes/Camera/SM_CraneRig_Base.uasset" 104
"../../../Engine/Content/EditorMeshes/Camera/SM_CraneRig_Body.uasset" 105
"../../../Engine/Content/EditorMeshes/Camera/SM_CraneRig_Mount.uasset" 106
"../../../Engine/Content/EditorMeshes/Camera/SM_RailRig_Mount.uasset" 107
"../../../Engine/Content/EditorMeshes/Camera/SM_RailRig_Track.uasset" 108
"../../../Engine/Content/EditorResources/BSPVertex.uasset" 109
"../../../Engine/Content/EditorResources/EmptyActor.uasset" 110
"../../../Engine/Content/EditorResources/S_Actor.uasset" 111
"../../../Engine/Content/EditorResources/S_Note.uasset" 112
"../../../Engine/Content/EditorResources/S_Solver.uasset" 113
"../../../Engine/Content/EditorResources/S_Trigger.uasset" 114
"../../../Engine/Content/EditorResources/LightIcons/S_LightError.uasset" 115
"../../../Engine/Content/EditorResources/SequenceRecorder/Countdown.uasset" 116
"../../../Engine/Content/EditorResources/SequenceRecorder/RecordingIndicator.uasset" 117
"../../../Engine/Content/EditorSounds/Notifications/CompileFailed.uasset" 118
"../../../Engine/Content/EditorSounds/Notifications/CompileFailed_Cue.uasset" 119
"../../../Engine/Content/EditorSounds/Notifications/CompileSuccess.uasset" 120
"../../../Engine/Content/EditorSounds/Notifications/CompileStart_Cue.uasset" 121
"../../../Engine/Content/EditorSounds/Notifications/CompileSuccess_Cue.uasset" 122
"../../../Engine/Content/EngineDamageTypes/DmgTypeBP_Environmental.uasset" 123
"../../../Engine/Content/EngineDebugMaterials/DebugEditorMaterial.uasset" 124
"../../../Engine/Content/EngineDebugMaterials/DebugMeshMaterial.uasset" 125
"../../../Engine/Content/EngineDebugMaterials/M_SimpleUnlitTranslucent.uasset" 126
"../../../Engine/Content/Functions/Engine_MaterialFunctions02/Utility/CameraDirectionVector.uasset" 127
"../../../Engine/Content/EngineDebugMaterials/VolumeToRender.uasset" 128
"../../../Engine/Content/EngineDebugMaterials/M_VolumeRenderSphereTracePP.uasset" 129
"../../../Engine/Content/EngineDebugMaterials/WireframeMaterial.uasset" 130
"../../../Engine/Content/EngineFonts/Faces/DroidSansFallback.uasset" 131
"../../../Engine/Content/EngineFonts/Faces/RobotoBold.uasset" 132
"../../../Engine/Content/EngineFonts/Faces/RobotoBoldItalic.uasset" 133
"../../../Engine/Content/EngineFonts/Faces/RobotoItalic.uasset" 134
"../../../Engine/Content/EngineFonts/Faces/RobotoLight.uasset" 135
"../../../Engine/Content/EngineFonts/Faces/RobotoRegular.uasset" 136
"../../../Engine/Content/EngineFonts/Roboto.uasset" 137
"../../../Engine/Content/EngineMaterials/BaseFlattenDiffuseMap.uasset" 138
"../../../Engine/Content/EngineMaterials/BaseFlattenEmissiveMap.uasset" 139
"../../../Engine/Content/EngineMaterials/BaseFlattenGrayscaleMap.uasset" 140
"../../../Engine/Content/EngineMaterials/BaseFlattenNormalMap.uasset" 141
"../../../Engine/Content/EngineMaterials/BaseFlattenMaterial.uasset" 142
"../../../Engine/Content/EngineMaterials/BlueNoise.uasset" 143
"../../../Engine/Content/EngineMaterials/DefaultBloomKernel.uasset" 144
"../../../Engine/Content/EngineMaterials/DefaultBokeh.uasset" 145
"../../../Engine/Content/EngineMaterials/DefaultDiffuse.uasset" 146
"../../../Engine/Content/EngineMaterials/DefaultDeferredDecalMaterial.uasset" 147
"../../../Engine/Content/EngineMaterials/DefaultLightFunctionMaterial.uasset" 148
"../../../Engine/Content/EngineMaterials/DefaultPhysicalMaterial.uasset" 149
"../../../Engine/Content/Functions/Engine_MaterialFunctions02/Utility/BreakOutFloat2Components.uasset" 150
"../../../Engine/Content/EngineMaterials/DefaultPostProcessMaterial.uasset" 151
"../../../Engine/Content/EngineFonts/RobotoDistanceField.uasset" 152
"../../../Engine/Content/EngineMaterials/DefaultTextMaterialOpaque.uasset" 153
"../../../Engine/Content/EngineMaterials/DefaultWhiteGrid.uasset" 154
"../../../Engine/Content/EngineMaterials/DefaultWhiteGrid_Low.uasset" 155
"../../../Engine/Content/EngineMaterials/EmissiveMeshMaterial.uasset" 156
"../../../Engine/Content/EngineMaterials/GizmoMaterial.uasset" 157
"../../../Engine/Content/EngineMaterials/Good64x64TilingNoiseHighFreq.uasset" 158
"../../../Engine/Content/EngineMaterials/MiniFont.uasset" 159
"../../../Engine/Content/EngineMaterials/InvalidLightmapSettings.uasset" 160
"../../../Engine/Content/EngineMaterials/M_InvalidLightmapSettings.uasset" 161
"../../../Engine/Content/Functions/Engine_MaterialFunctions02/WorldPositionOffset/CameraOffset.uasset" 162
"../../../Engine/Content/EngineMaterials/PhAT_JointLimitMaterial.uasset" 163
"../../../Engine/Content/EngineMaterials/PreintegratedSkinBRDF.uasset" 164
"../../../Engine/Content/EngineMaterials/RemoveSurfaceMaterial.uasset" 165
"../../../Engine/Content/EngineMaterials/WeightMapPlaceholderTexture.uasset" 166
"../../../Engine/Content/EngineResources/WhiteSquareTexture.uasset" 167
"../../../Engine/Content/EngineMaterials/Widget3DPassThrough.uasset" 168
"../../../Engine/Content/EngineMaterials/Widget3DPassThrough_Masked.uasset" 169
"../../../Engine/Content/EngineMaterials/Widget3DPassThrough_Opaque.uasset" 170
"../../../Engine/Content/EngineMaterials/Widget3DPassThrough_Masked_OneSided.uasset" 171
"../../../Engine/Content/EngineMaterials/Widget3DPassThrough_Opaque_OneSided.uasset" 172
"../../../Engine/Content/EngineMaterials/Widget3DPassThrough_Translucent.uasset" 173
"../../../Engine/Content/EngineMaterials/Widget3DPassThrough_Translucent_OneSided.uasset" 174
"../../../Engine/Content/EngineMeshes/Cylinder.uasset" 175
"../../../Engine/Content/EngineMeshes/Sphere.uasset" 176
"../../../Engine/Content/EngineResources/Black.uasset" 177
"../../../Engine/Content/EngineResources/DefaultTexture.uasset" 178
"../../../Engine/Content/EngineResources/DefaultTextureCube.uasset" 179
"../../../Engine/Content/EngineResources/DefaultVolumeTexture2D.uasset" 180
"../../../Engine/Content/EngineResources/DefaultVolumeTexture.uasset" 181
"../../../Engine/Content/EngineResources/GradientTexture0.uasset" 182
"../../../Engine/Content/EngineSounds/Master.uasset" 183
"../../../Engine/Content/Functions/Engine_MaterialFunctions01/Shading/ConvertFromDiffSpec.uasset" 184
"../../../Engine/Content/Functions/Engine_MaterialFunctions01/Shading/PowerToRoughness.uasset" 185
"../../../Engine/Content/Maps/Templates/Thumbnails/Default.uasset" 186
"../../../Engine/Content/Maps/Templates/Thumbnails/VR-Basic.uasset" 187
"../../../Engine/Content/MobileResources/T_MobileControls_texture.uasset" 188
"../../../Engine/Content/MobileResources/T_MobileMenu2.uasset" 189
"../../../Engine/Content/MobileResources/HUD/AnalogHat.uasset" 190
"../../../Engine/Content/MobileResources/HUD/VirtualJoystick_Background.uasset" 191
"../../../Engine/Content/MobileResources/HUD/VirtualJoystick_Thumb.uasset" 192
"../../../Engine/Content/MobileResources/HUD/DefaultVirtualJoysticks.uasset" 193
"../../../Engine/Content/MobileResources/HUD/LeftVirtualJoystickOnly.uasset" 194
"../../../Engine/Content/MobileResources/HUD/MobileHUDButton1_off.uasset" 195
"../../../Engine/Content/MobileResources/HUD/MobileHUDButton1_on.uasset" 196
"../../../Engine/Content/MobileResources/HUD/MobileHUDButton2_off.uasset" 197
"../../../Engine/Content/MobileResources/HUD/MobileHUDButton2_on.uasset" 198
"../../../Engine/Content/MobileResources/HUD/MobileHUDButton3.uasset" 199
"../../../Engine/Content/MobileResources/HUD/MobileHUDButtonFire.uasset" 200
"../../../Engine/Content/MobileResources/HUD/MobileHUDDirectionPad.uasset" 201
"../../../Engine/Content/MobileResources/HUD/MobileHUDDirectionPad2.uasset" 202
"../../../Engine/Content/MobileResources/HUD/MobileHUDDirectionPad3.uasset" 203
"../../../Engine/Content/MobileResources/HUD/MobileHUDDirectionStick.uasset" 204
"../../../Engine/Content/MobileResources/HUD/T_Castle_ThumbstickInner.uasset" 205
"../../../Engine/Content/MobileResources/HUD/T_Castle_ThumbstickOutter.uasset" 206
"../../../Engine/Content/Tutorial/ContentIntroCurve.uasset" 207
"../../../Engine/Content/Tutorial/Basics/LevelEditorAttract.uasset" 208
"../../../Engine/Content/Tutorial/Basics/TutorialAssets/icon_tab_Levels_40x.uasset" 209
"../../../Engine/Content/Tutorial/Basics/LevelEditorOverview.uasset" 210
"../../../Engine/Content/Tutorial/Code/AddingCode.uasset" 211
"../../../Engine/Content/Tutorial/SubEditors/MaterialEditorTutorial.uasset" 212
"../../../Engine/Content/Tutorial/SubEditors/TutorialAssets/TutorialMaterial.uasset" 213
"../../../Engine/Content/VREditor/LaserPointer/VR_LaserPower_01.uasset" 214
"../../../Engine/Content/VREditor/TransformGizmo/TransformGizmoMaterial.uasset" 215
"../../../Engine/Content/VREditor/TransformGizmo/TranslucentTransformGizmoMaterial.uasset" 216
"../../../Engine/Content/VREditor/TransformGizmo/BoundingBoxCorner.uasset" 217
"../../../Engine/Content/VREditor/TransformGizmo/BoundingBoxEdge.uasset" 218
"../../../Engine/Content/VREditor/TransformGizmo/PlaneTranslationHandle.uasset" 219
"../../../Engine/Content/VREditor/TransformGizmo/Main.uasset" 220
"../../../Engine/Content/VREditor/TransformGizmo/Xray.uasset" 221
"../../../Engine/Content/VREditor/TransformGizmo/SM_Sequencer_Key.uasset" 222
"../../../Engine/Content/VREditor/TransformGizmo/SM_Sequencer_Node.uasset" 223
"../../Plugins/2D/Paper2D/Content/PlaceholderTextures/DummySpriteTexture.uasset" 224
"../../Plugins/2D/Paper2D/Content/DummySprite.uasset" 225
"../../Plugins/2D/Paper2D/Content/DefaultPaperTerrainMaterial.uasset" 226
"../../Plugins/2D/Paper2D/Content/DefaultSpriteMaterial.uasset" 227
"../../Plugins/2D/Paper2D/Content/MaskedUnlitSpriteMaterial.uasset" 228
"../../Plugins/2D/Paper2D/Content/OpaqueUnlitSpriteMaterial.uasset" 229
"../../Plugins/FX/Niagara/Content/Enums/ENiagaraBooleanLogicOps.uasset" 230
"../../Plugins/FX/Niagara/Content/Enums/ENiagaraExpansionMode.uasset" 231
"../../Plugins/FX/Niagara/Content/Enums/ENiagaraOrientationAxis.uasset" 232
"../../../Engine/Content/Functions/Engine_MaterialFunctions02/Utility/BreakOutFloat4Components.uasset" 233
"../../../Engine/Content/Functions/Engine_MaterialFunctions02/Utility/MakeFloat2.uasset" 234
"../../../Engine/Content/Functions/Engine_MaterialFunctions02/Utility/MakeFloat3.uasset" 235
"../../Plugins/Runtime/Oculus/OculusVR/Content/Materials/OculusMR_ChromaKey.uasset" 236
"../../Plugins/Runtime/Oculus/OculusVR/Content/Materials/OculusMR_ChromaKey_Lit.uasset" 237
"../../Plugins/Runtime/Oculus/OculusVR/Content/Materials/OculusMR_OpaqueColoredMaterial.uasset" 238
"../../Plugins/Runtime/Oculus/OculusVR/Content/Materials/OculusMR_WhiteMaterial.uasset" 239
"../../../Engine/Content/EngineSky/C_Sky_Cloud_Color.uasset" 240
"../../../Engine/Content/EngineSky/C_Sky_Horizon_Color.uasset" 241
"../../../Engine/Content/EngineSky/C_Sky_Zenith_Color.uasset" 242
"../../../Engine/Content/EngineSky/T_Sky_Blue.uasset" 243
"../../../Engine/Content/EngineSky/T_Sky_Clouds_M.uasset" 244
"../../../Engine/Content/EngineSky/T_Sky_Stars.uasset" 245
"../../../Engine/Content/EngineSky/M_Sky_Panning_Clouds2.uasset" 246
"../../../Engine/Content/EngineSky/SM_SkySphere.uasset" 247
"../../../Engine/Content/EngineSky/BP_Sky_Sphere.uasset" 248
"../../../../../../Developer/unreal_class/ToonTanks/Content/Assets/Meshes/SM_TowerBase.uasset" 249
"../../../../../../Developer/unreal_class/ToonTanks/Content/Assets/Meshes/SM_TowerTurret.uasset" 250
"../../../../../../Developer/unreal_class/ToonTanks/Content/Blueprints/Pawns/BP_PawnTurret.uasset" 251
"../../../../../../Developer/unreal_class/ToonTanks/Content/Maps/Main_BuiltData.uasset" 252
"../../../Engine/Content/Functions/Engine_MaterialFunctions02/Utility/BreakOutFloat3Components.uasset" 253
"../../../Engine/Content/Functions/Engine_MaterialFunctions02/Utility/Sign.uasset" 254
"../../../Engine/Content/Functions/Engine_MaterialFunctions02/Utility/Round.uasset" 255
"../../../Engine/Content/Functions/Engine_MaterialFunctions02/Utility/VectorLength.uasset" 256
"../../../Engine/Content/Functions/Engine_MaterialFunctions02/WorldPositionOffset/ObjectScale.uasset" 257
"../../../../../../Developer/unreal_class/ToonTanks/Content/Assets/Materials/Functions/Basic/BreakSet.uasset" 258
"../../../../../../Developer/unreal_class/ToonTanks/Content/Assets/Materials/Functions/Basic/MakeSet.uasset" 259
"../../../../../../Developer/unreal_class/ToonTanks/Content/Assets/Materials/Functions/Texture/Dye_SingleColor.uasset" 260
"../../../../../../Developer/unreal_class/ToonTanks/Content/Assets/Textures/T_BasicGrid_M.uasset" 261
"../../../../../../Developer/unreal_class/ToonTanks/Content/Assets/Materials/Functions/Texture/Tex_SimpleGrid.uasset" 262
"../../../../../../Developer/unreal_class/ToonTanks/Content/Assets/Materials/Functions/UV/UV_ObjectScalable.uasset" 263
"../../../../../../Developer/unreal_class/ToonTanks/Content/Assets/Materials/Functions/UV/UV_SetupGrid.uasset" 264
"../../../../../../Developer/unreal_class/ToonTanks/Content/Assets/Textures/T_BasicGrid_N.uasset" 265
"../../../../../../Developer/unreal_class/ToonTanks/Content/Assets/Materials/Base/M_GridBase.uasset" 266
"../../../../../../Developer/unreal_class/ToonTanks/Content/Assets/Materials/Base/M_Grid_Inst.uasset" 267
"../../../Engine/Content/BasicShapes/Cube.uasset" 268
"../../../Engine/Content/MapTemplates/SM_Template_Map_Floor.uasset" 269
"../../../../../../Developer/unreal_class/ToonTanks/Content/Maps/Main.umap" 270
"../../../Engine/Content/Maps/Entry_BuiltData.uasset" 271
"../../../Engine/Content/Maps/Entry.umap" 272
